============================= test session starts ==============================
platform linux -- Python 3.10.6, pytest-7.3.1, pluggy-1.0.0
rootdir: /data/sandeep/leetcode-master/.verifaiws
collected 1 item

374_Guess_Number_Higher_or_Lower/test_374_Guess_Number_Higher_or_Lower.py F [100%]

=================================== FAILURES ===================================
_______________________________ test_guessNumber _______________________________

    def test_guessNumber():
        s = Solution()
>       assert s.guessNumber(10) == 6
E       assert None == 6
E        +  where None = <bound method Solution.guessNumber of <solution.Solution object at 0x7f90ef8044f0>>(10)
E        +    where <bound method Solution.guessNumber of <solution.Solution object at 0x7f90ef8044f0>> = <solution.Solution object at 0x7f90ef8044f0>.guessNumber

374_Guess_Number_Higher_or_Lower/test_374_Guess_Number_Higher_or_Lower.py:7: AssertionError
=========================== short test summary info ============================
FAILED 374_Guess_Number_Higher_or_Lower/test_374_Guess_Number_Higher_or_Lower.py::test_guessNumber
============================== 1 failed in 0.01s ===============================
