============================= test session starts ==============================
platform linux -- Python 3.10.6, pytest-7.3.1, pluggy-1.0.0
rootdir: /data/sandeep/leetcode-master/.verifaiws
collected 1 item

018_4Sum/test_018_4Sum.py F                                              [100%]

=================================== FAILURES ===================================
________________________________ test_four_sum _________________________________

    def test_four_sum():
        s = Solution()
        assert s.fourSum([1, 0, -1, 0, -2, 2], 0) == [(-2, -1, 1, 2), (-2, 0, 0, 2), (-1, 0, 0, 1)]
        assert s.fourSum([2,2,2,2,2],8) == [(2,2,2,2)]
>       assert s.fourSum([1,4,-3,0,0,0,5,0],0) == [(-3, 0, 1, 4), (-3, 0, 5, 4), (-3, 0, 0, 5), (0, 0, 1, -1), (-3, 0, 0, 4), (-1, 0, 0, 1), (-1, 0, 0, 5), (-1, 0, 5, 4), (0, 0, 4, -1), (-1, 0, 4, 5), (1, 0, 0, -1), (1, 0, 0, 5), (1, 0, 5, 4), (0, 0, -1, 1), (0, 0, -1, 5), (4, 0, -3, -1), (1, 0, -3, 4), (1, 0, -3, -1), (1, 4, -3, 0), (0, 0, 1, -3), (-1, 1, -3, 5), (0, -1, -3, 4), (-1, 0, -3, 4), (-1, 1, 0, 0), (0, -3, -1, 4), (0, 1, -3, 5), (1, -3, 0, 5), (-1, 5, -3, -1), (-1, 5, -3, 4), (1, 5, -3, 0), (1, 5, -3, 4), (0, 4, -3, -1), (0, 4, -3, 5), (-1, 1, -3, 4), (1, -3, -1, 4), (0, -1, -3, 0)]
E       assert [(0, 0, 0, 0)] == [(-3, 0, 1, 4...0, 0, 1), ...]
E         At index 0 diff: (0, 0, 0, 0) != (-3, 0, 1, 4)
E         Right contains 35 more items, first extra item: (-3, 0, 5, 4)
E         Use -v to get more diff

018_4Sum/test_018_4Sum.py:8: AssertionError
=========================== short test summary info ============================
FAILED 018_4Sum/test_018_4Sum.py::test_four_sum - assert [(0, 0, 0, 0)] == [(...
============================== 1 failed in 0.01s ===============================
