============================= test session starts ==============================
platform linux -- Python 3.10.6, pytest-7.3.1, pluggy-1.0.0
rootdir: /data/sandeep/leetcode-master/.verifaiws
collected 4 items

292_Nim_Game/test_292_Nim_Game.py ...F                                   [100%]

=================================== FAILURES ===================================
___________________________ test_canWinNim_negative ____________________________

    def test_canWinNim_negative():
        s = Solution()
>       with pytest.raises(ValueError):
E       Failed: DID NOT RAISE <class 'ValueError'>

292_Nim_Game/test_292_Nim_Game.py:24: Failed
=========================== short test summary info ============================
FAILED 292_Nim_Game/test_292_Nim_Game.py::test_canWinNim_negative - Failed: D...
========================= 1 failed, 3 passed in 0.01s ==========================
