============================= test session starts ==============================
platform linux -- Python 3.10.6, pytest-7.3.1, pluggy-1.0.0
rootdir: /data/sandeep/leetcode-master/.verifaiws
collected 3 items

047_Permutations_II/test_047_Permutations_II.py FFF                      [100%]

=================================== FAILURES ===================================
_____________________________ test_permuteUnique_1 _____________________________

    def test_permuteUnique_1():
>       obj = Solution()
E       NameError: name 'Solution' is not defined

047_Permutations_II/test_047_Permutations_II.py:5: NameError
_____________________________ test_permuteUnique_2 _____________________________

    def test_permuteUnique_2():
>       obj = Solution()
E       NameError: name 'Solution' is not defined

047_Permutations_II/test_047_Permutations_II.py:10: NameError
_____________________________ test_permuteUnique_3 _____________________________

    def test_permuteUnique_3():
>       obj = Solution()
E       NameError: name 'Solution' is not defined

047_Permutations_II/test_047_Permutations_II.py:15: NameError
=========================== short test summary info ============================
FAILED 047_Permutations_II/test_047_Permutations_II.py::test_permuteUnique_1
FAILED 047_Permutations_II/test_047_Permutations_II.py::test_permuteUnique_2
FAILED 047_Permutations_II/test_047_Permutations_II.py::test_permuteUnique_3
============================== 3 failed in 0.02s ===============================
