============================= test session starts ==============================
platform linux -- Python 3.10.6, pytest-7.3.1, pluggy-1.0.0
rootdir: /data/sandeep/leetcode-master/.verifaiws
collected 12 items

962_Maximum_Width_Ramp/test_962_Maximum_Width_Ramp.py ......FFFFF.       [100%]

=================================== FAILURES ===================================
______________________ test_maxWidthRamp_all_values_same _______________________

solution = <solution.Solution object at 0x7f67526b52d0>

    def test_maxWidthRamp_all_values_same(solution):
>       assert solution.maxWidthRamp([4, 4, 4, 4, 4]) == 0
E       assert 4 == 0
E        +  where 4 = <bound method Solution.maxWidthRamp of <solution.Solution object at 0x7f67526b52d0>>([4, 4, 4, 4, 4])
E        +    where <bound method Solution.maxWidthRamp of <solution.Solution object at 0x7f67526b52d0>> = <solution.Solution object at 0x7f67526b52d0>.maxWidthRamp

962_Maximum_Width_Ramp/test_962_Maximum_Width_Ramp.py:27: AssertionError
______________________ test_maxWidthRamp_duplicate_values ______________________

solution = <solution.Solution object at 0x7f67526b6350>

    def test_maxWidthRamp_duplicate_values(solution):
>       assert solution.maxWidthRamp([4, 5, 6, 4, 5, 6]) == 3
E       assert 5 == 3
E        +  where 5 = <bound method Solution.maxWidthRamp of <solution.Solution object at 0x7f67526b6350>>([4, 5, 6, 4, 5, 6])
E        +    where <bound method Solution.maxWidthRamp of <solution.Solution object at 0x7f67526b6350>> = <solution.Solution object at 0x7f67526b6350>.maxWidthRamp

962_Maximum_Width_Ramp/test_962_Maximum_Width_Ramp.py:30: AssertionError
______________________ test_maxWidthRamp_negative_values _______________________

solution = <solution.Solution object at 0x7f67524ffb50>

    def test_maxWidthRamp_negative_values(solution):
>       assert solution.maxWidthRamp([2, 4, -1, 3, -4, 0]) == 5
E       assert 3 == 5
E        +  where 3 = <bound method Solution.maxWidthRamp of <solution.Solution object at 0x7f67524ffb50>>([2, 4, -1, 3, -4, 0])
E        +    where <bound method Solution.maxWidthRamp of <solution.Solution object at 0x7f67524ffb50>> = <solution.Solution object at 0x7f67524ffb50>.maxWidthRamp

962_Maximum_Width_Ramp/test_962_Maximum_Width_Ramp.py:33: AssertionError
____________________ test_maxWidthRamp_all_negative_values _____________________

solution = <solution.Solution object at 0x7f67526b5b70>

    def test_maxWidthRamp_all_negative_values(solution):
>       assert solution.maxWidthRamp([-5, -4, -3, -2, -1]) == 0
E       assert 4 == 0
E        +  where 4 = <bound method Solution.maxWidthRamp of <solution.Solution object at 0x7f67526b5b70>>([-5, -4, -3, -2, -1])
E        +    where <bound method Solution.maxWidthRamp of <solution.Solution object at 0x7f67526b5b70>> = <solution.Solution object at 0x7f67526b5b70>.maxWidthRamp

962_Maximum_Width_Ramp/test_962_Maximum_Width_Ramp.py:36: AssertionError
________________________ test_maxWidthRamp_mixed_values ________________________

solution = <solution.Solution object at 0x7f67524ff0a0>

    def test_maxWidthRamp_mixed_values(solution):
>       assert solution.maxWidthRamp([10, 3, 8, 1, 5, 2, 7, 4, 6, 9]) == 7
E       assert 8 == 7
E        +  where 8 = <bound method Solution.maxWidthRamp of <solution.Solution object at 0x7f67524ff0a0>>([10, 3, 8, 1, 5, 2, ...])
E        +    where <bound method Solution.maxWidthRamp of <solution.Solution object at 0x7f67524ff0a0>> = <solution.Solution object at 0x7f67524ff0a0>.maxWidthRamp

962_Maximum_Width_Ramp/test_962_Maximum_Width_Ramp.py:39: AssertionError
=========================== short test summary info ============================
FAILED 962_Maximum_Width_Ramp/test_962_Maximum_Width_Ramp.py::test_maxWidthRamp_all_values_same
FAILED 962_Maximum_Width_Ramp/test_962_Maximum_Width_Ramp.py::test_maxWidthRamp_duplicate_values
FAILED 962_Maximum_Width_Ramp/test_962_Maximum_Width_Ramp.py::test_maxWidthRamp_negative_values
FAILED 962_Maximum_Width_Ramp/test_962_Maximum_Width_Ramp.py::test_maxWidthRamp_all_negative_values
FAILED 962_Maximum_Width_Ramp/test_962_Maximum_Width_Ramp.py::test_maxWidthRamp_mixed_values
========================= 5 failed, 7 passed in 0.06s ==========================
