============================= test session starts ==============================
platform linux -- Python 3.10.6, pytest-7.3.1, pluggy-1.0.0
rootdir: /data/sandeep/leetcode-master/.verifaiws
collected 1 item

150_Evaluate_Reverse_Polish_Notation/test_150_Evaluate_Reverse_Polish_Notation.py F [100%]

=================================== FAILURES ===================================
_________________________________ test_evalRPN _________________________________

    def test_evalRPN():
>       solution = Solution()
E       NameError: name 'Solution' is not defined

150_Evaluate_Reverse_Polish_Notation/test_150_Evaluate_Reverse_Polish_Notation.py:4: NameError
=========================== short test summary info ============================
FAILED 150_Evaluate_Reverse_Polish_Notation/test_150_Evaluate_Reverse_Polish_Notation.py::test_evalRPN
============================== 1 failed in 0.01s ===============================
