============================= test session starts ==============================
platform linux -- Python 3.10.6, pytest-7.3.1, pluggy-1.0.0
rootdir: /data/sandeep/leetcode-master/.verifaiws
collected 3 items

075_Sort_Colors/test_075_Sort_Colors.py FFF                              [100%]

=================================== FAILURES ===================================
______________________________ test_sortColors_1 _______________________________

    def test_sortColors_1():
>       s = Solution()
E       NameError: name 'Solution' is not defined

075_Sort_Colors/test_075_Sort_Colors.py:4: NameError
______________________________ test_sortColors_2 _______________________________

    def test_sortColors_2():
>       s = Solution()
E       NameError: name 'Solution' is not defined

075_Sort_Colors/test_075_Sort_Colors.py:10: NameError
______________________________ test_sortColors_3 _______________________________

    def test_sortColors_3():
>       s = Solution()
E       NameError: name 'Solution' is not defined

075_Sort_Colors/test_075_Sort_Colors.py:16: NameError
=========================== short test summary info ============================
FAILED 075_Sort_Colors/test_075_Sort_Colors.py::test_sortColors_1 - NameError...
FAILED 075_Sort_Colors/test_075_Sort_Colors.py::test_sortColors_2 - NameError...
FAILED 075_Sort_Colors/test_075_Sort_Colors.py::test_sortColors_3 - NameError...
============================== 3 failed in 0.01s ===============================
