============================= test session starts ==============================
platform linux -- Python 3.10.6, pytest-7.3.1, pluggy-1.0.0
rootdir: /data/sandeep/leetcode-master/.verifaiws
collected 7 items

152_Maximum_Product_Subarray/test_152_Maximum_Product_Subarray.py ...... [ 85%]
F                                                                        [100%]

=================================== FAILURES ===================================
________________________ test_maxProduct_with_mixed_num ________________________

    def test_maxProduct_with_mixed_num():
        sol = Solution()
>       assert sol.maxProduct([1,2,-3,4,-5]) == 60
E       assert 120 == 60
E        +  where 120 = <bound method Solution.maxProduct of <solution.Solution object at 0x7fc597be8c40>>([1, 2, -3, 4, -5])
E        +    where <bound method Solution.maxProduct of <solution.Solution object at 0x7fc597be8c40>> = <solution.Solution object at 0x7fc597be8c40>.maxProduct

152_Maximum_Product_Subarray/test_152_Maximum_Product_Subarray.py:30: AssertionError
=========================== short test summary info ============================
FAILED 152_Maximum_Product_Subarray/test_152_Maximum_Product_Subarray.py::test_maxProduct_with_mixed_num
========================= 1 failed, 6 passed in 0.02s ==========================
