============================= test session starts ==============================
platform linux -- Python 3.10.6, pytest-7.3.1, pluggy-1.0.0
rootdir: /data/sandeep/leetcode-master/.verifaiws
collected 2 items

120_Triangle/test_120_Triangle.py .F                                     [100%]

=================================== FAILURES ===================================
___________ Tests.test_minimumTotal_returns_minimum_sum_of_triangle ____________

self = <test_120_Triangle.Tests object at 0x7f1b96aa8520>

    def test_minimumTotal_returns_minimum_sum_of_triangle(self):
        solution = Solution()
        triangle = [
            [2],
            [3, 4],
            [6, 5, 7],
            [4, 1, 8, 3]
        ]
        assert solution.minimumTotal(triangle) == 11
    
        triangle = [
            [2],
            [3, 4],
            [6, 5, 7],
            [4, 1, 8, 3],
            [9, 10, 11, 12, 13]
        ]
        assert solution.minimumTotal(triangle) == 21
    
        triangle = [
            [7]
        ]
        assert solution.minimumTotal(triangle) == 7
    
        triangle = [
            [7],
            [3, 8]
        ]
        assert solution.minimumTotal(triangle) == 10
    
        triangle = [
            [1],
            [2, 3],
            [4, 5, 6]
        ]
>       assert solution.minimumTotal(triangle) == 6
E       assert 7 == 6
E        +  where 7 = <bound method Solution.minimumTotal of <solution.Solution object at 0x7f1b96aa86d0>>([[1], [2, 3], [4, 5, 6]])
E        +    where <bound method Solution.minimumTotal of <solution.Solution object at 0x7f1b96aa86d0>> = <solution.Solution object at 0x7f1b96aa86d0>.minimumTotal

120_Triangle/test_120_Triangle.py:46: AssertionError
=========================== short test summary info ============================
FAILED 120_Triangle/test_120_Triangle.py::Tests::test_minimumTotal_returns_minimum_sum_of_triangle
========================= 1 failed, 1 passed in 0.02s ==========================
