============================= test session starts ==============================
platform linux -- Python 3.10.6, pytest-7.3.1, pluggy-1.0.0
rootdir: /data/sandeep/leetcode-master/.verifaiws
collected 7 items

416_Partition_Equal_Subset_Sum/test_416_Partition_Equal_Subset_Sum.py FF [ 28%]
FFFFF                                                                    [100%]

=================================== FAILURES ===================================
_________ TestSolution.test_canPartition_returns_true_for_valid_input __________

self = <test_416_Partition_Equal_Subset_Sum.TestSolution object at 0x7fbe7ccbc580>

    def test_canPartition_returns_true_for_valid_input(self):
>       sol = Solution()
E       NameError: name 'Solution' is not defined

416_Partition_Equal_Subset_Sum/test_416_Partition_Equal_Subset_Sum.py:5: NameError
________ TestSolution.test_canPartition_returns_false_for_invalid_input ________

self = <test_416_Partition_Equal_Subset_Sum.TestSolution object at 0x7fbe7ccbf7c0>

    def test_canPartition_returns_false_for_invalid_input(self):
>       sol = Solution()
E       NameError: name 'Solution' is not defined

416_Partition_Equal_Subset_Sum/test_416_Partition_Equal_Subset_Sum.py:11: NameError
_________ TestSolution.test_canPartition_returns_false_for_empty_input _________

self = <test_416_Partition_Equal_Subset_Sum.TestSolution object at 0x7fbe7ccbf880>

    def test_canPartition_returns_false_for_empty_input(self):
>       sol = Solution()
E       NameError: name 'Solution' is not defined

416_Partition_Equal_Subset_Sum/test_416_Partition_Equal_Subset_Sum.py:17: NameError
_________ TestSolution.test_canPartition_returns_false_for_None_input __________

self = <test_416_Partition_Equal_Subset_Sum.TestSolution object at 0x7fbe7cd4bee0>

    def test_canPartition_returns_false_for_None_input(self):
>       sol = Solution()
E       NameError: name 'Solution' is not defined

416_Partition_Equal_Subset_Sum/test_416_Partition_Equal_Subset_Sum.py:21: NameError
_____ TestSolution.test_canPartition_returns_true_for_single_element_input _____

self = <test_416_Partition_Equal_Subset_Sum.TestSolution object at 0x7fbe7cd48c70>

    def test_canPartition_returns_true_for_single_element_input(self):
>       sol = Solution()
E       NameError: name 'Solution' is not defined

416_Partition_Equal_Subset_Sum/test_416_Partition_Equal_Subset_Sum.py:25: NameError
________ TestSolution.test_canPartition_returns_false_for_odd_sum_input ________

self = <test_416_Partition_Equal_Subset_Sum.TestSolution object at 0x7fbe7cd48550>

    def test_canPartition_returns_false_for_odd_sum_input(self):
>       sol = Solution()
E       NameError: name 'Solution' is not defined

416_Partition_Equal_Subset_Sum/test_416_Partition_Equal_Subset_Sum.py:30: NameError
_________ TestSolution.test_canPartition_returns_true_for_large_input __________

self = <test_416_Partition_Equal_Subset_Sum.TestSolution object at 0x7fbe7cd4b100>

    def test_canPartition_returns_true_for_large_input(self):
>       sol = Solution()
E       NameError: name 'Solution' is not defined

416_Partition_Equal_Subset_Sum/test_416_Partition_Equal_Subset_Sum.py:34: NameError
=========================== short test summary info ============================
FAILED 416_Partition_Equal_Subset_Sum/test_416_Partition_Equal_Subset_Sum.py::TestSolution::test_canPartition_returns_true_for_valid_input
FAILED 416_Partition_Equal_Subset_Sum/test_416_Partition_Equal_Subset_Sum.py::TestSolution::test_canPartition_returns_false_for_invalid_input
FAILED 416_Partition_Equal_Subset_Sum/test_416_Partition_Equal_Subset_Sum.py::TestSolution::test_canPartition_returns_false_for_empty_input
FAILED 416_Partition_Equal_Subset_Sum/test_416_Partition_Equal_Subset_Sum.py::TestSolution::test_canPartition_returns_false_for_None_input
FAILED 416_Partition_Equal_Subset_Sum/test_416_Partition_Equal_Subset_Sum.py::TestSolution::test_canPartition_returns_true_for_single_element_input
FAILED 416_Partition_Equal_Subset_Sum/test_416_Partition_Equal_Subset_Sum.py::TestSolution::test_canPartition_returns_false_for_odd_sum_input
FAILED 416_Partition_Equal_Subset_Sum/test_416_Partition_Equal_Subset_Sum.py::TestSolution::test_canPartition_returns_true_for_large_input
============================== 7 failed in 0.07s ===============================
