============================= test session starts ==============================
platform linux -- Python 3.10.6, pytest-7.3.1, pluggy-1.0.0
rootdir: /data/sandeep/leetcode-master/.verifaiws
collected 12 items

213_House_Robber_II/test_213_House_Robber_II.py .FF.........             [100%]

=================================== FAILURES ===================================
______________________________ test_rob[nums1-12] ______________________________

solution = <solution.Solution object at 0x7f59be768fd0>, nums = [2, 7, 9, 3, 1]
expected_outcome = 12

    @pytest.mark.parametrize(
        "nums, expected_outcome",
        [
            ([1, 2, 3, 1], 4),
            ([2, 7, 9, 3, 1], 12),
            ([2, 1, 1, 2], 4),
            ([2, 1, 3, 4, 5], 8),
            ([1], 1),
            ([1, 2], 2),
            ([1, 2, 3], 3),
            ([1, 2, 3, 4], 6),
            ([1, 3, 1], 3),
            ([3, 1, 1], 3),
            ([0], 0),
            ([], 0)
        ]
    )
    def test_rob(solution, nums, expected_outcome):
>       assert solution.rob(nums) == expected_outcome
E       assert 11 == 12
E        +  where 11 = <bound method Solution.rob of <solution.Solution object at 0x7f59be768fd0>>([2, 7, 9, 3, 1])
E        +    where <bound method Solution.rob of <solution.Solution object at 0x7f59be768fd0>> = <solution.Solution object at 0x7f59be768fd0>.rob

213_House_Robber_II/test_213_House_Robber_II.py:29: AssertionError
______________________________ test_rob[nums2-4] _______________________________

solution = <solution.Solution object at 0x7f59be768f40>, nums = [2, 1, 1, 2]
expected_outcome = 4

    @pytest.mark.parametrize(
        "nums, expected_outcome",
        [
            ([1, 2, 3, 1], 4),
            ([2, 7, 9, 3, 1], 12),
            ([2, 1, 1, 2], 4),
            ([2, 1, 3, 4, 5], 8),
            ([1], 1),
            ([1, 2], 2),
            ([1, 2, 3], 3),
            ([1, 2, 3, 4], 6),
            ([1, 3, 1], 3),
            ([3, 1, 1], 3),
            ([0], 0),
            ([], 0)
        ]
    )
    def test_rob(solution, nums, expected_outcome):
>       assert solution.rob(nums) == expected_outcome
E       assert 3 == 4
E        +  where 3 = <bound method Solution.rob of <solution.Solution object at 0x7f59be768f40>>([2, 1, 1, 2])
E        +    where <bound method Solution.rob of <solution.Solution object at 0x7f59be768f40>> = <solution.Solution object at 0x7f59be768f40>.rob

213_House_Robber_II/test_213_House_Robber_II.py:29: AssertionError
=========================== short test summary info ============================
FAILED 213_House_Robber_II/test_213_House_Robber_II.py::test_rob[nums1-12] - ...
FAILED 213_House_Robber_II/test_213_House_Robber_II.py::test_rob[nums2-4] - a...
========================= 2 failed, 10 passed in 0.02s =========================
