============================= test session starts ==============================
platform linux -- Python 3.10.6, pytest-7.3.1, pluggy-1.0.0
rootdir: /data/sandeep/leetcode-master/.verifaiws
collected 5 items

135_Candy/test_135_Candy.py ..F.F                                        [100%]

=================================== FAILURES ===================================
_________________________ test_candy_with_two_elements _________________________

    def test_candy_with_two_elements():
        s = Solution()
>       assert s.candy([2,3]) == 2
E       assert 3 == 2
E        +  where 3 = <bound method Solution.candy of <solution.Solution object at 0x7f8eb4980880>>([2, 3])
E        +    where <bound method Solution.candy of <solution.Solution object at 0x7f8eb4980880>> = <solution.Solution object at 0x7f8eb4980880>.candy

135_Candy/test_135_Candy.py:14: AssertionError
______________________ test_candy_with_multiple_elements _______________________

    def test_candy_with_multiple_elements():
        s = Solution()
        assert s.candy([1,0,2]) == 5
>       assert s.candy([1,2,2,3,2,1]) == 11
E       assert 10 == 11
E        +  where 10 = <bound method Solution.candy of <solution.Solution object at 0x7f8eb4983cd0>>([1, 2, 2, 3, 2, 1])
E        +    where <bound method Solution.candy of <solution.Solution object at 0x7f8eb4983cd0>> = <solution.Solution object at 0x7f8eb4983cd0>.candy

135_Candy/test_135_Candy.py:23: AssertionError
=========================== short test summary info ============================
FAILED 135_Candy/test_135_Candy.py::test_candy_with_two_elements - assert 3 == 2
FAILED 135_Candy/test_135_Candy.py::test_candy_with_multiple_elements - asser...
========================= 2 failed, 3 passed in 0.02s ==========================
