============================= test session starts ==============================
platform linux -- Python 3.10.6, pytest-7.3.1, pluggy-1.0.0
rootdir: /data/sandeep/leetcode-master/.verifaiws
collected 1 item

025_Reverse_Nodes_i_ k-Group/test_025_Reverse_Nodes_i_ k-Group.py F      [100%]

=================================== FAILURES ===================================
_______________________ TestSolution.test_reverseKGroup ________________________

self = <test_025_Reverse_Nodes_i_ k-Group.TestSolution object at 0x7f66007184f0>

    def test_reverseKGroup(self):
        solution = Solution()
    
        # test case where list is empty
        assert solution.reverseKGroup(None, 2) is None
    
        # test case where k is 1
        head = create_linked_list([1, 2, 3, 4])
>       assert linked_list_to_list(solution.reverseKGroup(head, 1)) == [1, 2, 3, 4]

025_Reverse_Nodes_i_ k-Group/test_025_Reverse_Nodes_i_ k-Group.py:52: 
_ _ _ _ _ _ _ _ _ _ _ _ _ _ _ _ _ _ _ _ _ _ _ _ _ _ _ _ _ _ _ _ _ _ _ _ _ _ _ _ 

self = <solution.Solution object at 0x7f6600718610>
head = <solution.ListNode object at 0x7f66007186a0>, k = 1

    def reverseKGroup(self, head, k):
        if head is None:
            return None
        index = 0
        lead, last = 0, 0
        pos = head
        temp = ListNode(-1)
        temp.next = head
        head = temp
        start = head
        while pos is not None:
            if index % k == k - 1:
>               last = pos.__next__
E               AttributeError: 'ListNode' object has no attribute '__next__'. Did you mean: '__ne__'?

025_Reverse_Nodes_i_ k-Group/solution.py:27: AttributeError
=========================== short test summary info ============================
FAILED 025_Reverse_Nodes_i_ k-Group/test_025_Reverse_Nodes_i_ k-Group.py::TestSolution::test_reverseKGroup
============================== 1 failed in 0.02s ===============================
