============================= test session starts ==============================
platform linux -- Python 3.10.6, pytest-7.3.1, pluggy-1.0.0
rootdir: /data/sandeep/leetcode-master/.verifaiws
collected 1 item

258_Add_Digits/test_258_Add_Digits.py F                                  [100%]

=================================== FAILURES ===================================
________________________________ test_addDigits ________________________________

    def test_addDigits():
        sol = Solution()
    
        # Test case 1
>       assert sol.addDigits(38) == 2
E       assert 1.0 == 2
E        +  where 1.0 = <bound method Solution.addDigits of <solution.Solution object at 0x7f21a96845e0>>(38)
E        +    where <bound method Solution.addDigits of <solution.Solution object at 0x7f21a96845e0>> = <solution.Solution object at 0x7f21a96845e0>.addDigits

258_Add_Digits/test_258_Add_Digits.py:9: AssertionError
=========================== short test summary info ============================
FAILED 258_Add_Digits/test_258_Add_Digits.py::test_addDigits - assert 1.0 == 2
============================== 1 failed in 0.01s ===============================
