============================= test session starts ==============================
platform linux -- Python 3.10.6, pytest-7.3.1, pluggy-1.0.0
rootdir: /data/sandeep/leetcode-master/.verifaiws
collected 1 item

922_Sort_Array_By_Parity_II/test_922_Sort_Array_By_Parity_II.py F        [100%]

=================================== FAILURES ===================================
___________________________ test_sortArrayByParityII ___________________________

    def test_sortArrayByParityII():
>       s = Solution()
E       NameError: name 'Solution' is not defined

922_Sort_Array_By_Parity_II/test_922_Sort_Array_By_Parity_II.py:3: NameError
=========================== short test summary info ============================
FAILED 922_Sort_Array_By_Parity_II/test_922_Sort_Array_By_Parity_II.py::test_sortArrayByParityII
============================== 1 failed in 0.01s ===============================
