============================= test session starts ==============================
platform linux -- Python 3.10.6, pytest-7.3.1, pluggy-1.0.0
rootdir: /data/sandeep/leetcode-master/.verifaiws
collected 10 items

350_Intersection_of_Two_Arrays_II/test_350_Intersection_of_Two_Arrays_II.py . [ 10%]
..F......                                                                [100%]

=================================== FAILURES ===================================
_________________________________ test_case_4 __________________________________

    def test_case_4():
        s = Solution()
>       assert s.intersect([-1,0,1,2,-1,-4], [-1,-1,1,0,2]) == [-1,0,1,2]
E       assert [-1, -1, 0, 1, 2] == [-1, 0, 1, 2]
E         At index 1 diff: -1 != 0
E         Left contains one more item: 2
E         Use -v to get more diff

350_Intersection_of_Two_Arrays_II/test_350_Intersection_of_Two_Arrays_II.py:19: AssertionError
=========================== short test summary info ============================
FAILED 350_Intersection_of_Two_Arrays_II/test_350_Intersection_of_Two_Arrays_II.py::test_case_4
========================= 1 failed, 9 passed in 0.02s ==========================
