============================= test session starts ==============================
platform linux -- Python 3.10.6, pytest-7.3.1, pluggy-1.0.0
rootdir: /data/sandeep/leetcode-master/.verifaiws
collected 1 item

063_Unique_Paths_II/test_063_Unique_Paths_II.py F                        [100%]

=================================== FAILURES ===================================
________________________ test_uniquePathsWithObstacles _________________________

    def test_uniquePathsWithObstacles():
        s = Solution()
    
        # Test Case 1
        grid1 = [
            [0,0,0],
            [0,1,0],
            [0,0,0]
        ]
        assert s.uniquePathsWithObstacles(grid1) == 2
    
        # Test Case 2
        grid2 = [
            [0,1],
            [0,0]
        ]
        assert s.uniquePathsWithObstacles(grid2) == 1
    
        # Test Case 3
        grid3 = [
            [0,0],
            [1,1],
            [0,0]
        ]
        assert s.uniquePathsWithObstacles(grid3) == 0
    
        # Test Case 4
        grid4 = [
            [1,0]
        ]
        assert s.uniquePathsWithObstacles(grid4) == 0
    
        # Test Case 5
        grid5 = [
            [0,0,0],
            [0,0,0],
            [0,0,0],
            [0,1,0],
            [0,0,0]
        ]
>       assert s.uniquePathsWithObstacles(grid5) == 8
E       assert 7 == 8
E        +  where 7 = <bound method Solution.uniquePathsWithObstacles of <solution.Solution object at 0x7efffcfec430>>([[0, 0, 0], [0, 0, 0], [0, 0, 0], [0, 1, 0], [0, 0, 0]])
E        +    where <bound method Solution.uniquePathsWithObstacles of <solution.Solution object at 0x7efffcfec430>> = <solution.Solution object at 0x7efffcfec430>.uniquePathsWithObstacles

063_Unique_Paths_II/test_063_Unique_Paths_II.py:45: AssertionError
=========================== short test summary info ============================
FAILED 063_Unique_Paths_II/test_063_Unique_Paths_II.py::test_uniquePathsWithObstacles
============================== 1 failed in 0.01s ===============================
