============================= test session starts ==============================
platform linux -- Python 3.10.6, pytest-7.3.1, pluggy-1.0.0
rootdir: /data/sandeep/leetcode-master/.verifaiws
collected 1 item

387_First_Unique_Character_in_a_String/test_387_First_Unique_Character_in_a_String.py F [100%]

=================================== FAILURES ===================================
______________________________ test_firstUniqChar ______________________________

    def test_firstUniqChar():
        sol = Solution()
    
        # Test case 1
        s = "leetcode"
        assert sol.firstUniqChar(s) == 0
    
        # Test case 2
        s = "loveleetcode"
        assert sol.firstUniqChar(s) == 2
    
        # Test case 3
        s = "aabbcc"
        assert sol.firstUniqChar(s) == -1
    
        # Test case 4
        s = ""
        assert sol.firstUniqChar(s) == -1
    
        # Test case 5
        s = "abababcdc"
>       assert sol.firstUniqChar(s) == 8
E       AssertionError: assert 7 == 8
E        +  where 7 = <bound method Solution.firstUniqChar of <solution.Solution object at 0x7efd75bf83a0>>('abababcdc')
E        +    where <bound method Solution.firstUniqChar of <solution.Solution object at 0x7efd75bf83a0>> = <solution.Solution object at 0x7efd75bf83a0>.firstUniqChar

387_First_Unique_Character_in_a_String/test_387_First_Unique_Character_in_a_String.py:25: AssertionError
=========================== short test summary info ============================
FAILED 387_First_Unique_Character_in_a_String/test_387_First_Unique_Character_in_a_String.py::test_firstUniqChar
============================== 1 failed in 0.01s ===============================
