============================= test session starts ==============================
platform linux -- Python 3.10.6, pytest-7.3.1, pluggy-1.0.0
rootdir: /data/sandeep/leetcode-master/.verifaiws
collected 1 item

229_Majority_Element_II/test_229_Majority_Element_II.py F                [100%]

=================================== FAILURES ===================================
_____________________________ test_majorityElement _____________________________

    def test_majorityElement():
      # Test case for O(1) space
>     s = Solution()
E     NameError: name 'Solution' is not defined

229_Majority_Element_II/test_229_Majority_Element_II.py:7: NameError
=========================== short test summary info ============================
FAILED 229_Majority_Element_II/test_229_Majority_Element_II.py::test_majorityElement
============================== 1 failed in 0.01s ===============================
